{
  "stats": {
    "suites": 1,
    "tests": 7,
    "passes": 7,
    "pending": 0,
    "failures": 0,
    "start": "2021-12-31T10:59:13.961Z",
    "end": "2021-12-31T11:00:25.176Z",
    "duration": 71215,
    "testsRegistered": 7,
    "passPercent": 100,
    "pendingPercent": 0,
    "other": 0,
    "hasOther": false,
    "skipped": 0,
    "hasSkipped": false
  },
  "results": [
    {
      "uuid": "ac3e8f29-d758-49e3-8644-3bd28a0a79d2",
      "title": "",
      "fullFile": "cypress/integration/AddItemToCartAndVerifyProductDetails.js",
      "file": "cypress/integration/AddItemToCartAndVerifyProductDetails.js",
      "beforeHooks": [],
      "afterHooks": [],
      "tests": [],
      "suites": [
        {
          "uuid": "532de760-aaac-49b9-a93c-e00a619311c7",
          "title": "Test Case - To verify the item name, price and invalid discount code error message",
          "fullFile": "",
          "file": "",
          "beforeHooks": [],
          "afterHooks": [],
          "tests": [
            {
              "title": "Step [1]: Visit Shopify Website",
              "fullTitle": "Test Case - To verify the item name, price and invalid discount code error message Step [1]: Visit Shopify Website",
              "timedOut": null,
              "duration": 49815,
              "state": "passed",
              "speed": "slow",
              "pass": true,
              "fail": false,
              "pending": false,
              "context": null,
              "code": "cy.visit(Cypress.env(\"url\"));\ncy.log(\"Website launched successfully\");",
              "err": {},
              "uuid": "bd2627d0-7d41-443e-9b2e-68275b0c5fab",
              "parentUUID": "532de760-aaac-49b9-a93c-e00a619311c7",
              "isHook": false,
              "skipped": false
            },
            {
              "title": "Step [2]: Navigate to Chair Product Page",
              "fullTitle": "Test Case - To verify the item name, price and invalid discount code error message Step [2]: Navigate to Chair Product Page",
              "timedOut": null,
              "duration": 5894,
              "state": "passed",
              "speed": "medium",
              "pass": true,
              "fail": false,
              "pending": false,
              "context": null,
              "code": "shopistMainPage.getMenuList();\nshopistMainPage.clickOnChairMenu();",
              "err": {},
              "uuid": "575a32bc-0452-4685-9229-723646dfeae5",
              "parentUUID": "532de760-aaac-49b9-a93c-e00a619311c7",
              "isHook": false,
              "skipped": false
            },
            {
              "title": "Step [3]: Select product and Navigate to cart",
              "fullTitle": "Test Case - To verify the item name, price and invalid discount code error message Step [3]: Select product and Navigate to cart",
              "timedOut": null,
              "duration": 6287,
              "state": "passed",
              "speed": "medium",
              "pass": true,
              "fail": false,
              "pending": false,
              "context": null,
              "code": "shopistChairsProductPage.selectProduct();\nshopistMainPage.getMenuList();\nshopistMainPage.clickOnCartMenu();",
              "err": {},
              "uuid": "abd003ab-edf2-4f1a-b0a2-b42dce4eabcf",
              "parentUUID": "532de760-aaac-49b9-a93c-e00a619311c7",
              "isHook": false,
              "skipped": false
            },
            {
              "title": "Step [4]: Verify item and price in Cart",
              "fullTitle": "Test Case - To verify the item name, price and invalid discount code error message Step [4]: Verify item and price in Cart",
              "timedOut": null,
              "duration": 692,
              "state": "passed",
              "speed": "fast",
              "pass": true,
              "fail": false,
              "pending": false,
              "context": null,
              "code": "shopistChairsProductPage.performValidationOnProductName();\nshopistChairsProductPage.performValidationOnProductPrice();",
              "err": {},
              "uuid": "42cfa972-a575-4ae7-a5c5-d34f3e6241d1",
              "parentUUID": "532de760-aaac-49b9-a93c-e00a619311c7",
              "isHook": false,
              "skipped": false
            },
            {
              "title": "Step [5]: Enter Discount Code",
              "fullTitle": "Test Case - To verify the item name, price and invalid discount code error message Step [5]: Enter Discount Code",
              "timedOut": null,
              "duration": 2109,
              "state": "passed",
              "speed": "fast",
              "pass": true,
              "fail": false,
              "pending": false,
              "context": null,
              "code": "shopistCartPage.enterDiscountCode();\nshopistCartPage.clickOnApplyButton();",
              "err": {},
              "uuid": "67e46489-a0a6-46f9-970d-212276cc7f9f",
              "parentUUID": "532de760-aaac-49b9-a93c-e00a619311c7",
              "isHook": false,
              "skipped": false
            },
            {
              "title": "Step [6]: Get and Verify the Error message",
              "fullTitle": "Test Case - To verify the item name, price and invalid discount code error message Step [6]: Get and Verify the Error message",
              "timedOut": null,
              "duration": 49,
              "state": "passed",
              "speed": "fast",
              "pass": true,
              "fail": false,
              "pending": false,
              "context": null,
              "code": "shopistCartPage.getDiscountErrorMessage();\nshopistCartPage.performValidationOnDiscountErrorMessage();",
              "err": {},
              "uuid": "b165dba2-31bf-49b5-8155-62d5e408a94b",
              "parentUUID": "532de760-aaac-49b9-a93c-e00a619311c7",
              "isHook": false,
              "skipped": false
            },
            {
              "title": "Step [7]: Check Out the product",
              "fullTitle": "Test Case - To verify the item name, price and invalid discount code error message Step [7]: Check Out the product",
              "timedOut": null,
              "duration": 198,
              "state": "passed",
              "speed": "fast",
              "pass": true,
              "fail": false,
              "pending": false,
              "context": null,
              "code": "shopistCartPage.clickOnCheckOutButton();",
              "err": {},
              "uuid": "e8c3c649-af4d-4941-b44f-3fdb18916f41",
              "parentUUID": "532de760-aaac-49b9-a93c-e00a619311c7",
              "isHook": false,
              "skipped": false
            }
          ],
          "suites": [],
          "passes": [
            "bd2627d0-7d41-443e-9b2e-68275b0c5fab",
            "575a32bc-0452-4685-9229-723646dfeae5",
            "abd003ab-edf2-4f1a-b0a2-b42dce4eabcf",
            "42cfa972-a575-4ae7-a5c5-d34f3e6241d1",
            "67e46489-a0a6-46f9-970d-212276cc7f9f",
            "b165dba2-31bf-49b5-8155-62d5e408a94b",
            "e8c3c649-af4d-4941-b44f-3fdb18916f41"
          ],
          "failures": [],
          "pending": [],
          "skipped": [],
          "duration": 65044,
          "root": false,
          "rootEmpty": false,
          "_timeout": 2000
        }
      ],
      "passes": [],
      "failures": [],
      "pending": [],
      "skipped": [],
      "duration": 0,
      "root": true,
      "rootEmpty": true,
      "_timeout": 2000
    }
  ],
  "meta": {
    "mocha": {
      "version": "7.0.1"
    },
    "mochawesome": {
      "options": {
        "quiet": false,
        "reportFilename": "mochawesome",
        "saveHtml": true,
        "saveJson": true,
        "consoleReporter": "spec",
        "useInlineDiffs": false,
        "code": true
      },
      "version": "7.0.1"
    },
    "marge": {
      "options": null,
      "version": "6.0.1"
    }
  }
}